e:\vs2019\project\mfc\chatserver\chatserver\debug\vc142.pdb
e:\vs2019\project\mfc\chatserver\chatserver\debug\vc142.idb
e:\vs2019\project\mfc\chatserver\chatserver\debug\chatserverdlg.obj
e:\vs2019\project\mfc\chatserver\chatserver\debug\chatserver.pch
e:\vs2019\project\mfc\chatserver\chatserver\debug\pch.obj
e:\vs2019\project\mfc\chatserver\chatserver\debug\server.obj
e:\vs2019\project\mfc\chatserver\chatserver\debug\chatserver.obj
e:\vs2019\project\mfc\chatserver\chatserver\debug\chatserver.res
e:\vs2019\project\mfc\chatserver\debug\chatserver.pdb
e:\vs2019\project\mfc\chatserver\chatserver\debug\chatserver.tlog\cl.command.1.tlog
e:\vs2019\project\mfc\chatserver\chatserver\debug\chatserver.tlog\cl.read.1.tlog
e:\vs2019\project\mfc\chatserver\chatserver\debug\chatserver.tlog\cl.write.1.tlog
e:\vs2019\project\mfc\chatserver\chatserver\debug\chatserver.tlog\link-cvtres.read.1.tlog
e:\vs2019\project\mfc\chatserver\chatserver\debug\chatserver.tlog\link-cvtres.write.1.tlog
e:\vs2019\project\mfc\chatserver\chatserver\debug\chatserver.tlog\link-mt.read.1.tlog
e:\vs2019\project\mfc\chatserver\chatserver\debug\chatserver.tlog\link-mt.write.1.tlog
e:\vs2019\project\mfc\chatserver\chatserver\debug\chatserver.tlog\link-rc.read.1.tlog
e:\vs2019\project\mfc\chatserver\chatserver\debug\chatserver.tlog\link-rc.write.1.tlog
e:\vs2019\project\mfc\chatserver\chatserver\debug\chatserver.tlog\link.command.1.tlog
e:\vs2019\project\mfc\chatserver\chatserver\debug\chatserver.tlog\link.read.1.tlog
e:\vs2019\project\mfc\chatserver\chatserver\debug\chatserver.tlog\link.write.1.tlog
e:\vs2019\project\mfc\chatserver\chatserver\debug\chatserver.tlog\rc.command.1.tlog
e:\vs2019\project\mfc\chatserver\chatserver\debug\chatserver.tlog\rc.read.1.tlog
e:\vs2019\project\mfc\chatserver\chatserver\debug\chatserver.tlog\rc.write.1.tlog
